<?xml version="1.0" encoding="UTF-8"?>
<coverage generated="1586135888601" clover="3.2.0">
  <project timestamp="1586135888601" name="All files">
    <metrics statements="12" coveredstatements="0" conditionals="0" coveredconditionals="0" methods="5" coveredmethods="0" elements="17" coveredelements="0" complexity="0" loc="12" ncloc="12" packages="1" files="1" classes="1"/>
    <file name="Register.vue" path="/Volumes/coisadedev/projetos/addmoney/src/views/Register.vue">
      <metrics statements="12" coveredstatements="0" conditionals="0" coveredconditionals="0" methods="5" coveredmethods="0"/>
      <line num="55" count="0" type="stmt"/>
      <line num="56" count="0" type="stmt"/>
      <line num="57" count="0" type="stmt"/>
      <line num="58" count="0" type="stmt"/>
      <line num="68" count="0" type="stmt"/>
      <line num="81" count="0" type="stmt"/>
      <line num="88" count="0" type="stmt"/>
      <line num="89" count="0" type="stmt"/>
      <line num="90" count="0" type="stmt"/>
      <line num="98" count="0" type="stmt"/>
      <line num="99" count="0" type="stmt"/>
      <line num="104" count="0" type="stmt"/>
    </file>
  </project>
</coverage>
