{"/Volumes/coisadedev/projetos/addmoney/src/views/Register.vue": {"path":"/Volumes/coisadedev/projetos/addmoney/src/views/Register.vue","statementMap":{"0":{"start":{"line":55,"column":0},"end":{"line":55,"column":null}},"1":{"start":{"line":56,"column":0},"end":{"line":56,"column":null}},"2":{"start":{"line":57,"column":0},"end":{"line":57,"column":null}},"3":{"start":{"line":58,"column":0},"end":{"line":58,"column":null}},"4":{"start":{"line":68,"column":0},"end":{"line":68,"column":null}},"5":{"start":{"line":81,"column":0},"end":{"line":100,"column":null}},"6":{"start":{"line":88,"column":0},"end":{"line":88,"column":null}},"7":{"start":{"line":89,"column":0},"end":{"line":89,"column":null}},"8":{"start":{"line":90,"column":0},"end":{"line":90,"column":null}},"9":{"start":{"line":98,"column":0},"end":{"line":98,"column":null}},"10":{"start":{"line":99,"column":0},"end":{"line":99,"column":null}},"11":{"start":{"line":104,"column":0},"end":{"line":104,"column":null}}},"fnMap":{"0":{"name":"(anonymous_1)","decl":{"start":{"line":67,"column":0},"end":{"line":67,"column":null}},"loc":{"start":{"line":67,"column":0},"end":{"line":78,"column":null}}},"1":{"name":"(anonymous_2)","decl":{"start":{"line":80,"column":0},"end":{"line":80,"column":null}},"loc":{"start":{"line":80,"column":0},"end":{"line":101,"column":null}}},"2":{"name":"(anonymous_3)","decl":{"start":{"line":81,"column":0},"end":{"line":81,"column":null}},"loc":{"start":{"line":81,"column":0},"end":{"line":96,"column":null}}},"3":{"name":"(anonymous_4)","decl":{"start":{"line":96,"column":0},"end":{"line":96,"column":null}},"loc":{"start":{"line":96,"column":0},"end":{"line":100,"column":null}}},"4":{"name":"(anonymous_5)","decl":{"start":{"line":103,"column":0},"end":{"line":103,"column":null}},"loc":{"start":{"line":103,"column":0},"end":{"line":105,"column":null}}}},"branchMap":{},"s":{"0":0,"1":0,"2":0,"3":0,"4":0,"5":0,"6":0,"7":0,"8":0,"9":0,"10":0,"11":0},"f":{"0":0,"1":0,"2":0,"3":0,"4":0},"b":{}}
}
